<?xml version="1.0" encoding="UTF-8"?>
<!-- Generated by org.testng.reporters.JUnitXMLReporter -->
<testsuite hostname="HININL135247" ignored="0" name="Default test" tests="14" failures="1" timestamp="09 дек 2020 10:45:46 GMT" time="6.171" errors="0">
  <testcase name="@AfterMethod tearDown" time="0.0" classname="com.orangeHRM.common.OrangeHRM_BaseSetup">
    <failure type="java.lang.NullPointerException">
      <![CDATA[java.lang.NullPointerException
at com.orangeHRM.common.OrangeHRM_BaseSetup.tearDown(OrangeHRM_BaseSetup.java:99)
at sun.reflect.NativeMethodAccessorImpl.invoke0(Native Method)
at sun.reflect.NativeMethodAccessorImpl.invoke(Unknown Source)
at sun.reflect.DelegatingMethodAccessorImpl.invoke(Unknown Source)
at java.lang.reflect.Method.invoke(Unknown Source)
at org.testng.internal.MethodInvocationHelper.invokeMethod(MethodInvocationHelper.java:124)
at org.testng.internal.MethodInvocationHelper.invokeMethodConsideringTimeout(MethodInvocationHelper.java:59)
at org.testng.internal.Invoker.invokeConfigurationMethod(Invoker.java:458)
at org.testng.internal.Invoker.invokeConfigurations(Invoker.java:222)
at org.testng.internal.Invoker.invokeMethod(Invoker.java:646)
at org.testng.internal.Invoker.invokeTestMethod(Invoker.java:719)
at org.testng.internal.Invoker.invokeTestMethods(Invoker.java:989)
at org.testng.internal.TestMethodWorker.invokeTestMethods(TestMethodWorker.java:125)
at org.testng.internal.TestMethodWorker.run(TestMethodWorker.java:109)
at org.testng.TestRunner.privateRun(TestRunner.java:648)
at org.testng.TestRunner.run(TestRunner.java:505)
at org.testng.SuiteRunner.runTest(SuiteRunner.java:455)
at org.testng.SuiteRunner.runSequentially(SuiteRunner.java:450)
at org.testng.SuiteRunner.privateRun(SuiteRunner.java:415)
at org.testng.SuiteRunner.run(SuiteRunner.java:364)
at org.testng.SuiteRunnerWorker.runSuite(SuiteRunnerWorker.java:52)
at org.testng.SuiteRunnerWorker.run(SuiteRunnerWorker.java:84)
at org.testng.TestNG.runSuitesSequentially(TestNG.java:1208)
at org.testng.TestNG.runSuitesLocally(TestNG.java:1137)
at org.testng.TestNG.runSuites(TestNG.java:1049)
at org.testng.TestNG.run(TestNG.java:1017)
at org.testng.remote.AbstractRemoteTestNG.run(AbstractRemoteTestNG.java:114)
at org.testng.remote.RemoteTestNG.initAndRun(RemoteTestNG.java:251)
at org.testng.remote.RemoteTestNG.main(RemoteTestNG.java:77)
]]>
    </failure>
  </testcase> <!-- @AfterMethod tearDown -->
  <testcase name="@AfterMethod tearDown" time="0.0" classname="com.orangeHRM.common.OrangeHRM_BaseSetup">
    <skipped/>
  </testcase> <!-- @AfterMethod tearDown -->
  <testcase name="@AfterMethod tearDown" time="0.0" classname="com.orangeHRM.common.OrangeHRM_BaseSetup">
    <skipped/>
  </testcase> <!-- @AfterMethod tearDown -->
  <testcase name="@AfterClass tearDown" time="0.0" classname="com.orangeHRM.common.OrangeHRM_BaseSetup">
    <skipped/>
  </testcase> <!-- @AfterClass tearDown -->
  <testcase name="@BeforeClass setUp" time="0.0" classname="com.orangeHRN.test.OrangeHRM_Navigate">
    <failure type="java.lang.NullPointerException">
      <![CDATA[java.lang.NullPointerException
at org.openqa.selenium.support.pagefactory.DefaultElementLocator.findElement(DefaultElementLocator.java:69)
at org.openqa.selenium.support.pagefactory.internal.LocatingElementHandler.invoke(LocatingElementHandler.java:38)
at com.sun.proxy.$Proxy13.clear(Unknown Source)
at com.orangeHRM.common.OrangeHRM_BasePage.enterUserName(OrangeHRM_BasePage.java:47)
at com.orangeHRM.common.OrangeHRM_BasePage.signInToOrangeHRM(OrangeHRM_BasePage.java:31)
at com.orangeHRM.common.OrangeHRM_BasePage.GoToHomePageAndSignIn(OrangeHRM_BasePage.java:27)
at com.orangeHRN.test.OrangeHRM_Navigate.setUp(OrangeHRM_Navigate.java:23)
at sun.reflect.NativeMethodAccessorImpl.invoke0(Native Method)
at sun.reflect.NativeMethodAccessorImpl.invoke(Unknown Source)
at sun.reflect.DelegatingMethodAccessorImpl.invoke(Unknown Source)
at java.lang.reflect.Method.invoke(Unknown Source)
at org.testng.internal.MethodInvocationHelper.invokeMethod(MethodInvocationHelper.java:124)
at org.testng.internal.MethodInvocationHelper.invokeMethodConsideringTimeout(MethodInvocationHelper.java:59)
at org.testng.internal.Invoker.invokeConfigurationMethod(Invoker.java:458)
at org.testng.internal.Invoker.invokeConfigurations(Invoker.java:222)
at org.testng.internal.Invoker.invokeConfigurations(Invoker.java:142)
at org.testng.internal.TestMethodWorker.invokeBeforeClassMethods(TestMethodWorker.java:168)
at org.testng.internal.TestMethodWorker.run(TestMethodWorker.java:105)
at org.testng.TestRunner.privateRun(TestRunner.java:648)
at org.testng.TestRunner.run(TestRunner.java:505)
at org.testng.SuiteRunner.runTest(SuiteRunner.java:455)
at org.testng.SuiteRunner.runSequentially(SuiteRunner.java:450)
at org.testng.SuiteRunner.privateRun(SuiteRunner.java:415)
at org.testng.SuiteRunner.run(SuiteRunner.java:364)
at org.testng.SuiteRunnerWorker.runSuite(SuiteRunnerWorker.java:52)
at org.testng.SuiteRunnerWorker.run(SuiteRunnerWorker.java:84)
at org.testng.TestNG.runSuitesSequentially(TestNG.java:1208)
at org.testng.TestNG.runSuitesLocally(TestNG.java:1137)
at org.testng.TestNG.runSuites(TestNG.java:1049)
at org.testng.TestNG.run(TestNG.java:1017)
at org.testng.remote.AbstractRemoteTestNG.run(AbstractRemoteTestNG.java:114)
at org.testng.remote.RemoteTestNG.initAndRun(RemoteTestNG.java:251)
at org.testng.remote.RemoteTestNG.main(RemoteTestNG.java:77)
]]>
    </failure>
  </testcase> <!-- @BeforeClass setUp -->
  <testcase name="@AfterMethod tearDown" time="0.0" classname="com.orangeHRM.common.OrangeHRM_BaseSetup">
    <skipped/>
  </testcase> <!-- @AfterMethod tearDown -->
  <testcase name="@AfterMethod tearDown" time="0.0" classname="com.orangeHRM.common.OrangeHRM_BaseSetup">
    <skipped/>
  </testcase> <!-- @AfterMethod tearDown -->
  <testcase name="@AfterMethod tearDown" time="0.0" classname="com.orangeHRM.common.OrangeHRM_BaseSetup">
    <skipped/>
  </testcase> <!-- @AfterMethod tearDown -->
  <testcase name="@AfterMethod tearDown" time="0.0" classname="com.orangeHRM.common.OrangeHRM_BaseSetup">
    <skipped/>
  </testcase> <!-- @AfterMethod tearDown -->
  <testcase name="@AfterMethod tearDown" time="0.0" classname="com.orangeHRM.common.OrangeHRM_BaseSetup">
    <skipped/>
  </testcase> <!-- @AfterMethod tearDown -->
  <testcase name="@AfterMethod tearDown" time="0.0" classname="com.orangeHRM.common.OrangeHRM_BaseSetup">
    <skipped/>
  </testcase> <!-- @AfterMethod tearDown -->
  <testcase name="@AfterMethod tearDown" time="0.0" classname="com.orangeHRM.common.OrangeHRM_BaseSetup">
    <skipped/>
  </testcase> <!-- @AfterMethod tearDown -->
  <testcase name="@AfterMethod tearDown" time="0.0" classname="com.orangeHRM.common.OrangeHRM_BaseSetup">
    <skipped/>
  </testcase> <!-- @AfterMethod tearDown -->
  <testcase name="@AfterMethod tearDown" time="0.0" classname="com.orangeHRM.common.OrangeHRM_BaseSetup">
    <skipped/>
  </testcase> <!-- @AfterMethod tearDown -->
  <testcase name="@AfterMethod tearDown" time="0.0" classname="com.orangeHRM.common.OrangeHRM_BaseSetup">
    <skipped/>
  </testcase> <!-- @AfterMethod tearDown -->
  <testcase name="@AfterMethod tearDown" time="0.0" classname="com.orangeHRM.common.OrangeHRM_BaseSetup">
    <skipped/>
  </testcase> <!-- @AfterMethod tearDown -->
  <testcase name="@AfterClass tearDown" time="0.0" classname="com.orangeHRM.common.OrangeHRM_BaseSetup">
    <skipped/>
  </testcase> <!-- @AfterClass tearDown -->
  <testcase name="logoTest" time="0.003" classname="com.orangeHRN.test.OrangeHRM_Login">
    <failure type="java.lang.NullPointerException">
      <![CDATA[java.lang.NullPointerException
at org.openqa.selenium.support.pagefactory.DefaultElementLocator.findElement(DefaultElementLocator.java:69)
at org.openqa.selenium.support.pagefactory.internal.LocatingElementHandler.invoke(LocatingElementHandler.java:38)
at com.sun.proxy.$Proxy13.clear(Unknown Source)
at com.orangeHRM.common.OrangeHRM_BasePage.enterUserName(OrangeHRM_BasePage.java:47)
at com.orangeHRM.common.OrangeHRM_BasePage.signInToOrangeHRM(OrangeHRM_BasePage.java:31)
at com.orangeHRM.common.OrangeHRM_BasePage.GoToHomePageAndSignIn(OrangeHRM_BasePage.java:27)
at com.orangeHRN.test.OrangeHRM_Login.logoTest(OrangeHRM_Login.java:26)
at sun.reflect.NativeMethodAccessorImpl.invoke0(Native Method)
at sun.reflect.NativeMethodAccessorImpl.invoke(Unknown Source)
at sun.reflect.DelegatingMethodAccessorImpl.invoke(Unknown Source)
at java.lang.reflect.Method.invoke(Unknown Source)
at org.testng.internal.MethodInvocationHelper.invokeMethod(MethodInvocationHelper.java:124)
at org.testng.internal.Invoker.invokeMethod(Invoker.java:583)
at org.testng.internal.Invoker.invokeTestMethod(Invoker.java:719)
at org.testng.internal.Invoker.invokeTestMethods(Invoker.java:989)
at org.testng.internal.TestMethodWorker.invokeTestMethods(TestMethodWorker.java:125)
at org.testng.internal.TestMethodWorker.run(TestMethodWorker.java:109)
at org.testng.TestRunner.privateRun(TestRunner.java:648)
at org.testng.TestRunner.run(TestRunner.java:505)
at org.testng.SuiteRunner.runTest(SuiteRunner.java:455)
at org.testng.SuiteRunner.runSequentially(SuiteRunner.java:450)
at org.testng.SuiteRunner.privateRun(SuiteRunner.java:415)
at org.testng.SuiteRunner.run(SuiteRunner.java:364)
at org.testng.SuiteRunnerWorker.runSuite(SuiteRunnerWorker.java:52)
at org.testng.SuiteRunnerWorker.run(SuiteRunnerWorker.java:84)
at org.testng.TestNG.runSuitesSequentially(TestNG.java:1208)
at org.testng.TestNG.runSuitesLocally(TestNG.java:1137)
at org.testng.TestNG.runSuites(TestNG.java:1049)
at org.testng.TestNG.run(TestNG.java:1017)
at org.testng.remote.AbstractRemoteTestNG.run(AbstractRemoteTestNG.java:114)
at org.testng.remote.RemoteTestNG.initAndRun(RemoteTestNG.java:251)
at org.testng.remote.RemoteTestNG.main(RemoteTestNG.java:77)
]]>
    </failure>
  </testcase> <!-- logoTest -->
  <testcase name="urlTest" time="0.0" classname="com.orangeHRN.test.OrangeHRM_Login">
    <skipped/>
  </testcase> <!-- urlTest -->
  <testcase name="textTest" time="0.0" classname="com.orangeHRN.test.OrangeHRM_Login">
    <skipped/>
  </testcase> <!-- textTest -->
  <testcase name="clickOnAdminTab" time="0.0" classname="com.orangeHRN.test.OrangeHRM_Navigate">
    <skipped/>
  </testcase> <!-- clickOnAdminTab -->
  <testcase name="clickOnPIMTab" time="0.0" classname="com.orangeHRN.test.OrangeHRM_Navigate">
    <skipped/>
  </testcase> <!-- clickOnPIMTab -->
  <testcase name="clickOnLeaveTab" time="0.0" classname="com.orangeHRN.test.OrangeHRM_Navigate">
    <skipped/>
  </testcase> <!-- clickOnLeaveTab -->
  <testcase name="clickOnTimeTab" time="0.0" classname="com.orangeHRN.test.OrangeHRM_Navigate">
    <skipped/>
  </testcase> <!-- clickOnTimeTab -->
  <testcase name="clickOnRecruitmentTab" time="0.0" classname="com.orangeHRN.test.OrangeHRM_Navigate">
    <skipped/>
  </testcase> <!-- clickOnRecruitmentTab -->
  <testcase name="clickOnDetailsTab" time="0.0" classname="com.orangeHRN.test.OrangeHRM_Navigate">
    <skipped/>
  </testcase> <!-- clickOnDetailsTab -->
  <testcase name="clickOnPerformanceTab" time="0.0" classname="com.orangeHRN.test.OrangeHRM_Navigate">
    <skipped/>
  </testcase> <!-- clickOnPerformanceTab -->
  <testcase name="clickOnDashboardTab" time="0.0" classname="com.orangeHRN.test.OrangeHRM_Navigate">
    <skipped/>
  </testcase> <!-- clickOnDashboardTab -->
  <testcase name="clickOnDirectoryTab" time="0.0" classname="com.orangeHRN.test.OrangeHRM_Navigate">
    <skipped/>
  </testcase> <!-- clickOnDirectoryTab -->
  <testcase name="clickOnMaintenanceTab" time="0.0" classname="com.orangeHRN.test.OrangeHRM_Navigate">
    <skipped/>
  </testcase> <!-- clickOnMaintenanceTab -->
  <testcase name="clickOnBuzzTab" time="0.0" classname="com.orangeHRN.test.OrangeHRM_Navigate">
    <skipped/>
  </testcase> <!-- clickOnBuzzTab -->
</testsuite> <!-- Default test -->
